2025-11-20 08:41:31.791 INFO  proj.lobby.server.LobbyApplication - Starting LobbyApplication using Java 21.0.8 with PID 3164 (D:\dev\projF\ws\lobby\build\classes\java\main started by 김태현 in D:\dev\projF)
2025-11-20 08:41:31.793 DEBUG proj.lobby.server.LobbyApplication - Running with Spring Boot v3.3.4, Spring v6.1.13
2025-11-20 08:41:31.793 INFO  proj.lobby.server.LobbyApplication - The following 1 profile is active: "dev"
2025-11-20 08:41:33.412 INFO  org.springframework.boot.web.embedded.tomcat.TomcatWebServer - Tomcat initialized with port 7072 (http)
2025-11-20 08:41:33.431 INFO  org.apache.coyote.http11.Http11NioProtocol - Initializing ProtocolHandler ["http-nio-7072"]
2025-11-20 08:41:33.437 INFO  org.apache.catalina.core.StandardService - Starting service [Tomcat]
2025-11-20 08:41:33.437 INFO  org.apache.catalina.core.StandardEngine - Starting Servlet engine: [Apache Tomcat/10.1.30]
2025-11-20 08:41:33.530 INFO  org.apache.catalina.core.ContainerBase.[Tomcat].[localhost].[/] - Initializing Spring embedded WebApplicationContext
2025-11-20 08:41:33.530 INFO  org.springframework.boot.web.servlet.context.ServletWebServerApplicationContext - Root WebApplicationContext: initialization completed in 1688 ms
2025-11-20 08:41:34.283 INFO  org.springframework.boot.actuate.endpoint.web.EndpointLinksResolver - Exposing 1 endpoint beneath base path '/actuator'
2025-11-20 08:41:34.287 INFO  org.hibernate.validator.internal.util.Version - HV000001: Hibernate Validator 8.0.1.Final
2025-11-20 08:41:34.325 INFO  org.apache.coyote.http11.Http11NioProtocol - Starting ProtocolHandler ["http-nio-7072"]
2025-11-20 08:41:34.333 INFO  proj.match.server.MatchApplication - Starting MatchApplication using Java 21.0.8 with PID 16816 (D:\dev\projF\ws\match\build\classes\java\main started by 김태현 in D:\dev\projF)
2025-11-20 08:41:34.333 DEBUG proj.match.server.MatchApplication - Running with Spring Boot v3.3.4, Spring v6.1.13
2025-11-20 08:41:34.334 INFO  proj.match.server.MatchApplication - The following 1 profile is active: "dev"
2025-11-20 08:41:34.346 INFO  org.springframework.boot.web.embedded.tomcat.TomcatWebServer - Tomcat started on port 7072 (http) with context path '/'
2025-11-20 08:41:34.358 INFO  proj.lobby.server.LobbyApplication - Started LobbyApplication in 3.249 seconds (process running for 4.127)
2025-11-20 08:41:34.953 INFO  org.apache.catalina.core.ContainerBase.[Tomcat].[localhost].[/] - Initializing Spring DispatcherServlet 'dispatcherServlet'
2025-11-20 08:41:34.953 INFO  org.springframework.web.servlet.DispatcherServlet - Initializing Servlet 'dispatcherServlet'
2025-11-20 08:41:34.954 INFO  org.springframework.web.servlet.DispatcherServlet - Completed initialization in 0 ms
2025-11-20 08:41:35.009 INFO  org.springframework.data.repository.config.RepositoryConfigurationDelegate - Multiple Spring Data modules found, entering strict repository configuration mode
2025-11-20 08:41:35.013 INFO  org.springframework.data.repository.config.RepositoryConfigurationDelegate - Bootstrapping Spring Data Redis repositories in DEFAULT mode.
2025-11-20 08:41:35.050 INFO  org.springframework.data.repository.config.RepositoryConfigurationDelegate - Finished Spring Data repository scanning in 16 ms. Found 0 Redis repository interfaces.
2025-11-20 08:41:35.596 INFO  org.springframework.boot.web.embedded.tomcat.TomcatWebServer - Tomcat initialized with port 7073 (http)
2025-11-20 08:41:35.607 INFO  org.apache.coyote.http11.Http11NioProtocol - Initializing ProtocolHandler ["http-nio-7073"]
2025-11-20 08:41:35.611 INFO  org.apache.catalina.core.StandardService - Starting service [Tomcat]
2025-11-20 08:41:35.611 INFO  org.apache.catalina.core.StandardEngine - Starting Servlet engine: [Apache Tomcat/10.1.30]
2025-11-20 08:41:35.677 INFO  org.apache.catalina.core.ContainerBase.[Tomcat].[localhost].[/] - Initializing Spring embedded WebApplicationContext
2025-11-20 08:41:35.677 INFO  org.springframework.boot.web.servlet.context.ServletWebServerApplicationContext - Root WebApplicationContext: initialization completed in 1296 ms
2025-11-20 08:41:36.685 INFO  org.apache.coyote.http11.Http11NioProtocol - Starting ProtocolHandler ["http-nio-7073"]
2025-11-20 08:41:36.702 INFO  org.springframework.boot.web.embedded.tomcat.TomcatWebServer - Tomcat started on port 7073 (http) with context path '/'
2025-11-20 08:41:36.710 INFO  proj.match.server.MatchApplication - Started MatchApplication in 3.012 seconds (process running for 3.791)
2025-11-20 09:21:54.996 INFO  proj.lobby.server.LobbyApplication - Starting LobbyApplication using Java 21.0.8 with PID 19408 (D:\dev\projF\ws\lobby\build\classes\java\main started by 김태현 in D:\dev\projF)
2025-11-20 09:21:54.999 DEBUG proj.lobby.server.LobbyApplication - Running with Spring Boot v3.3.4, Spring v6.1.13
2025-11-20 09:21:54.999 INFO  proj.lobby.server.LobbyApplication - The following 1 profile is active: "dev"
2025-11-20 09:21:55.701 INFO  org.hibernate.validator.internal.util.Version - HV000001: Hibernate Validator 8.0.1.Final
2025-11-20 09:21:55.750 INFO  proj.match.server.MatchApplication - Starting MatchApplication using Java 21.0.8 with PID 9692 (D:\dev\projF\ws\match\build\classes\java\main started by 김태현 in D:\dev\projF)
2025-11-20 09:21:55.750 DEBUG proj.match.server.MatchApplication - Running with Spring Boot v3.3.4, Spring v6.1.13
2025-11-20 09:21:55.750 INFO  proj.match.server.MatchApplication - The following 1 profile is active: "dev"
2025-11-20 09:21:56.259 INFO  org.springframework.boot.web.embedded.tomcat.TomcatWebServer - Tomcat initialized with port 7072 (http)
2025-11-20 09:21:56.271 INFO  org.apache.coyote.http11.Http11NioProtocol - Initializing ProtocolHandler ["http-nio-7072"]
2025-11-20 09:21:56.275 INFO  org.apache.catalina.core.StandardService - Starting service [Tomcat]
2025-11-20 09:21:56.275 INFO  org.apache.catalina.core.StandardEngine - Starting Servlet engine: [Apache Tomcat/10.1.30]
2025-11-20 09:21:56.339 INFO  org.apache.catalina.core.ContainerBase.[Tomcat].[localhost].[/] - Initializing Spring embedded WebApplicationContext
2025-11-20 09:21:56.339 INFO  org.springframework.boot.web.servlet.context.ServletWebServerApplicationContext - Root WebApplicationContext: initialization completed in 1293 ms
2025-11-20 09:21:56.409 INFO  org.springframework.data.repository.config.RepositoryConfigurationDelegate - Multiple Spring Data modules found, entering strict repository configuration mode
2025-11-20 09:21:56.412 INFO  org.springframework.data.repository.config.RepositoryConfigurationDelegate - Bootstrapping Spring Data Redis repositories in DEFAULT mode.
2025-11-20 09:21:56.446 INFO  org.springframework.data.repository.config.RepositoryConfigurationDelegate - Finished Spring Data repository scanning in 15 ms. Found 0 Redis repository interfaces.
2025-11-20 09:21:56.935 INFO  org.springframework.boot.web.embedded.tomcat.TomcatWebServer - Tomcat initialized with port 7073 (http)
2025-11-20 09:21:56.946 INFO  org.apache.coyote.http11.Http11NioProtocol - Initializing ProtocolHandler ["http-nio-7073"]
2025-11-20 09:21:56.950 INFO  org.apache.catalina.core.StandardService - Starting service [Tomcat]
2025-11-20 09:21:56.950 INFO  org.apache.catalina.core.StandardEngine - Starting Servlet engine: [Apache Tomcat/10.1.30]
2025-11-20 09:21:56.957 INFO  org.springframework.boot.actuate.endpoint.web.EndpointLinksResolver - Exposing 1 endpoint beneath base path '/actuator'
2025-11-20 09:21:56.998 INFO  org.apache.coyote.http11.Http11NioProtocol - Starting ProtocolHandler ["http-nio-7072"]
2025-11-20 09:21:57.017 INFO  org.springframework.boot.web.embedded.tomcat.TomcatWebServer - Tomcat started on port 7072 (http) with context path '/'
2025-11-20 09:21:57.020 INFO  org.apache.catalina.core.ContainerBase.[Tomcat].[localhost].[/] - Initializing Spring embedded WebApplicationContext
2025-11-20 09:21:57.020 INFO  org.springframework.boot.web.servlet.context.ServletWebServerApplicationContext - Root WebApplicationContext: initialization completed in 1224 ms
2025-11-20 09:21:57.029 INFO  proj.lobby.server.LobbyApplication - Started LobbyApplication in 2.701 seconds (process running for 3.471)
2025-11-20 09:21:57.297 INFO  org.apache.catalina.core.ContainerBase.[Tomcat].[localhost].[/] - Initializing Spring DispatcherServlet 'dispatcherServlet'
2025-11-20 09:21:57.297 INFO  org.springframework.web.servlet.DispatcherServlet - Initializing Servlet 'dispatcherServlet'
2025-11-20 09:21:57.298 INFO  org.springframework.web.servlet.DispatcherServlet - Completed initialization in 1 ms
2025-11-20 09:21:57.859 INFO  org.apache.coyote.http11.Http11NioProtocol - Starting ProtocolHandler ["http-nio-7073"]
2025-11-20 09:21:57.875 INFO  org.springframework.boot.web.embedded.tomcat.TomcatWebServer - Tomcat started on port 7073 (http) with context path '/'
2025-11-20 09:21:57.880 INFO  proj.match.server.MatchApplication - Started MatchApplication in 2.745 seconds (process running for 3.411)
2025-11-20 09:29:00.726 INFO  org.hibernate.validator.internal.util.Version - HV000001: Hibernate Validator 8.0.1.Final
2025-11-20 09:29:00.787 INFO  proj.match.server.MatchApplication - Starting MatchApplication using Java 21.0.8 with PID 748 (D:\dev\projF\ws\match\build\classes\java\main started by 김태현 in D:\dev\projF)
2025-11-20 09:29:00.788 DEBUG proj.match.server.MatchApplication - Running with Spring Boot v3.3.4, Spring v6.1.13
2025-11-20 09:29:00.788 INFO  proj.match.server.MatchApplication - The following 1 profile is active: "dev"
2025-11-20 09:29:01.494 INFO  org.springframework.data.repository.config.RepositoryConfigurationDelegate - Multiple Spring Data modules found, entering strict repository configuration mode
2025-11-20 09:29:01.497 INFO  org.springframework.data.repository.config.RepositoryConfigurationDelegate - Bootstrapping Spring Data Redis repositories in DEFAULT mode.
2025-11-20 09:29:01.525 INFO  org.springframework.data.repository.config.RepositoryConfigurationDelegate - Finished Spring Data repository scanning in 13 ms. Found 0 Redis repository interfaces.
2025-11-20 09:29:01.951 INFO  org.springframework.boot.web.embedded.tomcat.TomcatWebServer - Tomcat initialized with port 7073 (http)
2025-11-20 09:29:01.961 INFO  org.apache.coyote.http11.Http11NioProtocol - Initializing ProtocolHandler ["http-nio-7073"]
2025-11-20 09:29:01.965 INFO  org.apache.catalina.core.StandardService - Starting service [Tomcat]
2025-11-20 09:29:01.965 INFO  org.apache.catalina.core.StandardEngine - Starting Servlet engine: [Apache Tomcat/10.1.30]
2025-11-20 09:29:02.019 INFO  org.apache.catalina.core.ContainerBase.[Tomcat].[localhost].[/] - Initializing Spring embedded WebApplicationContext
2025-11-20 09:29:02.019 INFO  org.springframework.boot.web.servlet.context.ServletWebServerApplicationContext - Root WebApplicationContext: initialization completed in 1176 ms
2025-11-20 09:29:02.062 INFO  proj.lobby.server.LobbyApplication - Starting LobbyApplication using Java 21.0.8 with PID 18592 (D:\dev\projF\ws\lobby\build\classes\java\main started by 김태현 in D:\dev\projF)
2025-11-20 09:29:02.063 DEBUG proj.lobby.server.LobbyApplication - Running with Spring Boot v3.3.4, Spring v6.1.13
2025-11-20 09:29:02.064 INFO  proj.lobby.server.LobbyApplication - The following 1 profile is active: "dev"
2025-11-20 09:29:02.776 INFO  org.apache.coyote.http11.Http11NioProtocol - Starting ProtocolHandler ["http-nio-7073"]
2025-11-20 09:29:02.800 INFO  org.springframework.boot.web.embedded.tomcat.TomcatWebServer - Tomcat started on port 7073 (http) with context path '/'
2025-11-20 09:29:02.807 INFO  proj.match.server.MatchApplication - Started MatchApplication in 2.68 seconds (process running for 3.457)
2025-11-20 09:29:03.087 INFO  org.springframework.boot.web.embedded.tomcat.TomcatWebServer - Tomcat initialized with port 7072 (http)
2025-11-20 09:29:03.098 INFO  org.apache.coyote.http11.Http11NioProtocol - Initializing ProtocolHandler ["http-nio-7072"]
2025-11-20 09:29:03.101 INFO  org.apache.catalina.core.StandardService - Starting service [Tomcat]
2025-11-20 09:29:03.101 INFO  org.apache.catalina.core.StandardEngine - Starting Servlet engine: [Apache Tomcat/10.1.30]
2025-11-20 09:29:03.147 INFO  org.apache.catalina.core.ContainerBase.[Tomcat].[localhost].[/] - Initializing Spring embedded WebApplicationContext
2025-11-20 09:29:03.147 INFO  org.springframework.boot.web.servlet.context.ServletWebServerApplicationContext - Root WebApplicationContext: initialization completed in 1047 ms
2025-11-20 09:29:03.636 INFO  org.springframework.boot.actuate.endpoint.web.EndpointLinksResolver - Exposing 1 endpoint beneath base path '/actuator'
2025-11-20 09:29:03.667 INFO  org.apache.coyote.http11.Http11NioProtocol - Starting ProtocolHandler ["http-nio-7072"]
2025-11-20 09:29:03.683 INFO  org.springframework.boot.web.embedded.tomcat.TomcatWebServer - Tomcat started on port 7072 (http) with context path '/'
2025-11-20 09:29:03.690 INFO  proj.lobby.server.LobbyApplication - Started LobbyApplication in 2.117 seconds (process running for 3.37)
2025-11-20 09:55:01.036 INFO  proj.lobby.server.LobbyApplication - Starting LobbyApplication using Java 21.0.8 with PID 3216 (D:\dev\projF\ws\lobby\build\classes\java\main started by 김태현 in D:\dev\projF)
2025-11-20 09:55:01.038 DEBUG proj.lobby.server.LobbyApplication - Running with Spring Boot v3.3.4, Spring v6.1.13
2025-11-20 09:55:01.039 INFO  proj.lobby.server.LobbyApplication - The following 1 profile is active: "dev"
2025-11-20 09:55:01.641 INFO  org.hibernate.validator.internal.util.Version - HV000001: Hibernate Validator 8.0.1.Final
2025-11-20 09:55:01.690 INFO  proj.match.server.MatchApplication - Starting MatchApplication using Java 21.0.8 with PID 16624 (D:\dev\projF\ws\match\build\classes\java\main started by 김태현 in D:\dev\projF)
2025-11-20 09:55:01.690 DEBUG proj.match.server.MatchApplication - Running with Spring Boot v3.3.4, Spring v6.1.13
2025-11-20 09:55:01.690 INFO  proj.match.server.MatchApplication - The following 1 profile is active: "dev"
2025-11-20 09:55:02.298 INFO  org.springframework.boot.web.embedded.tomcat.TomcatWebServer - Tomcat initialized with port 7072 (http)
2025-11-20 09:55:02.310 INFO  org.apache.coyote.http11.Http11NioProtocol - Initializing ProtocolHandler ["http-nio-7072"]
2025-11-20 09:55:02.316 INFO  org.apache.catalina.core.StandardService - Starting service [Tomcat]
2025-11-20 09:55:02.316 INFO  org.apache.catalina.core.StandardEngine - Starting Servlet engine: [Apache Tomcat/10.1.30]
2025-11-20 09:55:02.338 INFO  org.springframework.data.repository.config.RepositoryConfigurationDelegate - Multiple Spring Data modules found, entering strict repository configuration mode
2025-11-20 09:55:02.341 INFO  org.springframework.data.repository.config.RepositoryConfigurationDelegate - Bootstrapping Spring Data Redis repositories in DEFAULT mode.
2025-11-20 09:55:02.399 INFO  org.springframework.data.repository.config.RepositoryConfigurationDelegate - Finished Spring Data repository scanning in 20 ms. Found 0 Redis repository interfaces.
2025-11-20 09:55:02.418 INFO  org.apache.catalina.core.ContainerBase.[Tomcat].[localhost].[/] - Initializing Spring embedded WebApplicationContext
2025-11-20 09:55:02.418 INFO  org.springframework.boot.web.servlet.context.ServletWebServerApplicationContext - Root WebApplicationContext: initialization completed in 1326 ms
2025-11-20 09:55:02.930 INFO  org.springframework.boot.web.embedded.tomcat.TomcatWebServer - Tomcat initialized with port 7073 (http)
2025-11-20 09:55:02.941 INFO  org.apache.coyote.http11.Http11NioProtocol - Initializing ProtocolHandler ["http-nio-7073"]
2025-11-20 09:55:02.947 INFO  org.apache.catalina.core.StandardService - Starting service [Tomcat]
2025-11-20 09:55:02.948 INFO  org.apache.catalina.core.StandardEngine - Starting Servlet engine: [Apache Tomcat/10.1.30]
2025-11-20 09:55:03.004 INFO  org.apache.catalina.core.ContainerBase.[Tomcat].[localhost].[/] - Initializing Spring embedded WebApplicationContext
2025-11-20 09:55:03.004 INFO  org.springframework.boot.web.servlet.context.ServletWebServerApplicationContext - Root WebApplicationContext: initialization completed in 1260 ms
2025-11-20 09:55:03.110 INFO  org.springframework.boot.actuate.endpoint.web.EndpointLinksResolver - Exposing 1 endpoint beneath base path '/actuator'
2025-11-20 09:55:03.169 INFO  org.apache.coyote.http11.Http11NioProtocol - Starting ProtocolHandler ["http-nio-7072"]
2025-11-20 09:55:03.193 INFO  org.springframework.boot.web.embedded.tomcat.TomcatWebServer - Tomcat started on port 7072 (http) with context path '/'
2025-11-20 09:55:03.205 INFO  proj.lobby.server.LobbyApplication - Started LobbyApplication in 2.926 seconds (process running for 3.575)
2025-11-20 09:55:03.428 INFO  org.apache.catalina.core.ContainerBase.[Tomcat].[localhost].[/] - Initializing Spring DispatcherServlet 'dispatcherServlet'
2025-11-20 09:55:03.429 INFO  org.springframework.web.servlet.DispatcherServlet - Initializing Servlet 'dispatcherServlet'
2025-11-20 09:55:03.429 INFO  org.springframework.web.servlet.DispatcherServlet - Completed initialization in 0 ms
2025-11-20 09:55:04.026 INFO  org.apache.coyote.http11.Http11NioProtocol - Starting ProtocolHandler ["http-nio-7073"]
2025-11-20 09:55:04.044 INFO  org.springframework.boot.web.embedded.tomcat.TomcatWebServer - Tomcat started on port 7073 (http) with context path '/'
2025-11-20 09:55:04.052 INFO  proj.match.server.MatchApplication - Started MatchApplication in 2.98 seconds (process running for 3.724)
2025-11-20 10:05:07.239 INFO  proj.lobby.server.LobbyApplication - Starting LobbyApplication using Java 21.0.8 with PID 408 (D:\dev\projF\ws\lobby\build\classes\java\main started by 김태현 in D:\dev\projF)
2025-11-20 10:05:07.240 DEBUG proj.lobby.server.LobbyApplication - Running with Spring Boot v3.3.4, Spring v6.1.13
2025-11-20 10:05:07.242 INFO  proj.lobby.server.LobbyApplication - The following 1 profile is active: "dev"
2025-11-20 10:05:08.662 INFO  org.springframework.boot.web.embedded.tomcat.TomcatWebServer - Tomcat initialized with port 7072 (http)
2025-11-20 10:05:08.665 INFO  org.hibernate.validator.internal.util.Version - HV000001: Hibernate Validator 8.0.1.Final
2025-11-20 10:05:08.674 INFO  org.apache.coyote.http11.Http11NioProtocol - Initializing ProtocolHandler ["http-nio-7072"]
2025-11-20 10:05:08.678 INFO  org.apache.catalina.core.StandardService - Starting service [Tomcat]
2025-11-20 10:05:08.678 INFO  org.apache.catalina.core.StandardEngine - Starting Servlet engine: [Apache Tomcat/10.1.30]
2025-11-20 10:05:08.710 INFO  proj.match.server.MatchApplication - Starting MatchApplication using Java 21.0.8 with PID 8328 (D:\dev\projF\ws\match\build\classes\java\main started by 김태현 in D:\dev\projF)
2025-11-20 10:05:08.712 DEBUG proj.match.server.MatchApplication - Running with Spring Boot v3.3.4, Spring v6.1.13
2025-11-20 10:05:08.712 INFO  proj.match.server.MatchApplication - The following 1 profile is active: "dev"
2025-11-20 10:05:08.739 INFO  org.apache.catalina.core.ContainerBase.[Tomcat].[localhost].[/] - Initializing Spring embedded WebApplicationContext
2025-11-20 10:05:08.739 INFO  org.springframework.boot.web.servlet.context.ServletWebServerApplicationContext - Root WebApplicationContext: initialization completed in 1434 ms
2025-11-20 10:05:09.269 INFO  org.springframework.data.repository.config.RepositoryConfigurationDelegate - Multiple Spring Data modules found, entering strict repository configuration mode
2025-11-20 10:05:09.272 INFO  org.springframework.data.repository.config.RepositoryConfigurationDelegate - Bootstrapping Spring Data Redis repositories in DEFAULT mode.
2025-11-20 10:05:09.282 INFO  org.springframework.boot.actuate.endpoint.web.EndpointLinksResolver - Exposing 1 endpoint beneath base path '/actuator'
2025-11-20 10:05:09.298 INFO  org.springframework.data.repository.config.RepositoryConfigurationDelegate - Finished Spring Data repository scanning in 12 ms. Found 0 Redis repository interfaces.
2025-11-20 10:05:09.314 INFO  org.apache.coyote.http11.Http11NioProtocol - Starting ProtocolHandler ["http-nio-7072"]
2025-11-20 10:05:09.330 INFO  org.springframework.boot.web.embedded.tomcat.TomcatWebServer - Tomcat started on port 7072 (http) with context path '/'
2025-11-20 10:05:09.338 INFO  proj.lobby.server.LobbyApplication - Started LobbyApplication in 2.978 seconds (process running for 3.587)
2025-11-20 10:05:09.662 INFO  org.apache.catalina.core.ContainerBase.[Tomcat].[localhost].[/] - Initializing Spring DispatcherServlet 'dispatcherServlet'
2025-11-20 10:05:09.662 INFO  org.springframework.web.servlet.DispatcherServlet - Initializing Servlet 'dispatcherServlet'
2025-11-20 10:05:09.663 INFO  org.springframework.web.servlet.DispatcherServlet - Completed initialization in 1 ms
2025-11-20 10:05:09.725 INFO  org.springframework.boot.web.embedded.tomcat.TomcatWebServer - Tomcat initialized with port 7073 (http)
2025-11-20 10:05:09.735 INFO  org.apache.coyote.http11.Http11NioProtocol - Initializing ProtocolHandler ["http-nio-7073"]
2025-11-20 10:05:09.738 INFO  org.apache.catalina.core.StandardService - Starting service [Tomcat]
2025-11-20 10:05:09.739 INFO  org.apache.catalina.core.StandardEngine - Starting Servlet engine: [Apache Tomcat/10.1.30]
2025-11-20 10:05:09.793 INFO  org.apache.catalina.core.ContainerBase.[Tomcat].[localhost].[/] - Initializing Spring embedded WebApplicationContext
2025-11-20 10:05:09.793 INFO  org.springframework.boot.web.servlet.context.ServletWebServerApplicationContext - Root WebApplicationContext: initialization completed in 1042 ms
2025-11-20 10:05:10.515 INFO  org.apache.coyote.http11.Http11NioProtocol - Starting ProtocolHandler ["http-nio-7073"]
2025-11-20 10:05:10.531 INFO  org.springframework.boot.web.embedded.tomcat.TomcatWebServer - Tomcat started on port 7073 (http) with context path '/'
2025-11-20 10:05:10.537 INFO  proj.match.server.MatchApplication - Started MatchApplication in 2.433 seconds (process running for 3.143)
